* installing *source* package 'financeR' ...
** using staged installation
** R
** byte-compile and prepare package for lazy loading
Warning messages:
1: package 'httr' was built under R version 3.6.3 
2: package 'jsonlite' was built under R version 3.6.3 
** help
*** installing help indices
*** copying figures
** building package indices
** testing if installed package can be loaded from temporary location
*** arch - i386
Warning: package 'httr' was built under R version 3.6.3
Warning: package 'jsonlite' was built under R version 3.6.3
*** arch - x64
Warning: package 'httr' was built under R version 3.6.3
Warning: package 'jsonlite' was built under R version 3.6.3
** testing if installed package can be loaded from final location
*** arch - i386
Warning: package 'httr' was built under R version 3.6.3
Warning: package 'jsonlite' was built under R version 3.6.3
*** arch - x64
Warning: package 'httr' was built under R version 3.6.3
Warning: package 'jsonlite' was built under R version 3.6.3
** testing if installed package keeps a record of temporary installation path
* DONE (financeR)
